
> backend@1.0.0 start
> node server.js

Server is running on http://localhost:5001
Error fetching locations: error: relation "locations" does not exist
    at Parser.parseErrorMessage (/Users/samuelfrancis/Desktop/trucking_company/trucking-company-frontend/backend/node_modules/pg-protocol/dist/parser.js:283:98)
    at Parser.handlePacket (/Users/samuelfrancis/Desktop/trucking_company/trucking-company-frontend/backend/node_modules/pg-protocol/dist/parser.js:122:29)
    at Parser.parse (/Users/samuelfrancis/Desktop/trucking_company/trucking-company-frontend/backend/node_modules/pg-protocol/dist/parser.js:35:38)
    at Socket.<anonymous> (/Users/samuelfrancis/Desktop/trucking_company/trucking-company-frontend/backend/node_modules/pg-protocol/dist/index.js:11:42)
    at Socket.emit (node:events:519:28)
    at addChunk (node:internal/streams/readable:559:12)
    at readableAddChunkPushByteMode (node:internal/streams/readable:510:3)
    at Readable.push (node:internal/streams/readable:390:5)
    at TCP.onStreamRead (node:internal/stream_base_commons:190:23) {
  length: 108,
  severity: 'ERROR',
  code: '42P01',
  detail: undefined,
  hint: undefined,
  position: '15',
  internalPosition: undefined,
  internalQuery: undefined,
  where: undefined,
  schema: undefined,
  table: undefined,
  column: undefined,
  dataType: undefined,
  constraint: undefined,
  file: 'parse_relation.c',
  line: '1384',
  routine: 'parserOpenTable',
  query: 'SELECT * FROM locations',
  params: undefined
}
Error fetching locations: error: relation "locations" does not exist
    at Parser.parseErrorMessage (/Users/samuelfrancis/Desktop/trucking_company/trucking-company-frontend/backend/node_modules/pg-protocol/dist/parser.js:283:98)
    at Parser.handlePacket (/Users/samuelfrancis/Desktop/trucking_company/trucking-company-frontend/backend/node_modules/pg-protocol/dist/parser.js:122:29)
    at Parser.parse (/Users/samuelfrancis/Desktop/trucking_company/trucking-company-frontend/backend/node_modules/pg-protocol/dist/parser.js:35:38)
    at Socket.<anonymous> (/Users/samuelfrancis/Desktop/trucking_company/trucking-company-frontend/backend/node_modules/pg-protocol/dist/index.js:11:42)
    at Socket.emit (node:events:519:28)
    at addChunk (node:internal/streams/readable:559:12)
    at readableAddChunkPushByteMode (node:internal/streams/readable:510:3)
    at Readable.push (node:internal/streams/readable:390:5)
    at TCP.onStreamRead (node:internal/stream_base_commons:190:23) {
  length: 108,
  severity: 'ERROR',
  code: '42P01',
  detail: undefined,
  hint: undefined,
  position: '15',
  internalPosition: undefined,
  internalQuery: undefined,
  where: undefined,
  schema: undefined,
  table: undefined,
  column: undefined,
  dataType: undefined,
  constraint: undefined,
  file: 'parse_relation.c',
  line: '1384',
  routine: 'parserOpenTable',
  query: 'SELECT * FROM locations',
  params: undefined
}
Error fetching locations: error: relation "locations" does not exist
    at Parser.parseErrorMessage (/Users/samuelfrancis/Desktop/trucking_company/trucking-company-frontend/backend/node_modules/pg-protocol/dist/parser.js:283:98)
    at Parser.handlePacket (/Users/samuelfrancis/Desktop/trucking_company/trucking-company-frontend/backend/node_modules/pg-protocol/dist/parser.js:122:29)
    at Parser.parse (/Users/samuelfrancis/Desktop/trucking_company/trucking-company-frontend/backend/node_modules/pg-protocol/dist/parser.js:35:38)
    at Socket.<anonymous> (/Users/samuelfrancis/Desktop/trucking_company/trucking-company-frontend/backend/node_modules/pg-protocol/dist/index.js:11:42)
    at Socket.emit (node:events:519:28)
    at addChunk (node:internal/streams/readable:559:12)
    at readableAddChunkPushByteMode (node:internal/streams/readable:510:3)
    at Readable.push (node:internal/streams/readable:390:5)
    at TCP.onStreamRead (node:internal/stream_base_commons:190:23) {
  length: 108,
  severity: 'ERROR',
  code: '42P01',
  detail: undefined,
  hint: undefined,
  position: '15',
  internalPosition: undefined,
  internalQuery: undefined,
  where: undefined,
  schema: undefined,
  table: undefined,
  column: undefined,
  dataType: undefined,
  constraint: undefined,
  file: 'parse_relation.c',
  line: '1384',
  routine: 'parserOpenTable',
  query: 'SELECT * FROM locations',
  params: undefined
}
Error fetching locations: error: relation "locations" does not exist
    at Parser.parseErrorMessage (/Users/samuelfrancis/Desktop/trucking_company/trucking-company-frontend/backend/node_modules/pg-protocol/dist/parser.js:283:98)
    at Parser.handlePacket (/Users/samuelfrancis/Desktop/trucking_company/trucking-company-frontend/backend/node_modules/pg-protocol/dist/parser.js:122:29)
    at Parser.parse (/Users/samuelfrancis/Desktop/trucking_company/trucking-company-frontend/backend/node_modules/pg-protocol/dist/parser.js:35:38)
    at Socket.<anonymous> (/Users/samuelfrancis/Desktop/trucking_company/trucking-company-frontend/backend/node_modules/pg-protocol/dist/index.js:11:42)
    at Socket.emit (node:events:519:28)
    at addChunk (node:internal/streams/readable:559:12)
    at readableAddChunkPushByteMode (node:internal/streams/readable:510:3)
    at Readable.push (node:internal/streams/readable:390:5)
    at TCP.onStreamRead (node:internal/stream_base_commons:190:23) {
  length: 108,
  severity: 'ERROR',
  code: '42P01',
  detail: undefined,
  hint: undefined,
  position: '15',
  internalPosition: undefined,
  internalQuery: undefined,
  where: undefined,
  schema: undefined,
  table: undefined,
  column: undefined,
  dataType: undefined,
  constraint: undefined,
  file: 'parse_relation.c',
  line: '1384',
  routine: 'parserOpenTable',
  query: 'SELECT * FROM locations',
  params: undefined
}
Error fetching locations: error: relation "locations" does not exist
    at Parser.parseErrorMessage (/Users/samuelfrancis/Desktop/trucking_company/trucking-company-frontend/backend/node_modules/pg-protocol/dist/parser.js:283:98)
    at Parser.handlePacket (/Users/samuelfrancis/Desktop/trucking_company/trucking-company-frontend/backend/node_modules/pg-protocol/dist/parser.js:122:29)
    at Parser.parse (/Users/samuelfrancis/Desktop/trucking_company/trucking-company-frontend/backend/node_modules/pg-protocol/dist/parser.js:35:38)
    at Socket.<anonymous> (/Users/samuelfrancis/Desktop/trucking_company/trucking-company-frontend/backend/node_modules/pg-protocol/dist/index.js:11:42)
    at Socket.emit (node:events:519:28)
    at addChunk (node:internal/streams/readable:559:12)
    at readableAddChunkPushByteMode (node:internal/streams/readable:510:3)
    at Readable.push (node:internal/streams/readable:390:5)
    at TCP.onStreamRead (node:internal/stream_base_commons:190:23) {
  length: 108,
  severity: 'ERROR',
  code: '42P01',
  detail: undefined,
  hint: undefined,
  position: '15',
  internalPosition: undefined,
  internalQuery: undefined,
  where: undefined,
  schema: undefined,
  table: undefined,
  column: undefined,
  dataType: undefined,
  constraint: undefined,
  file: 'parse_relation.c',
  line: '1384',
  routine: 'parserOpenTable',
  query: 'SELECT * FROM locations',
  params: undefined
}
Error fetching locations: error: relation "locations" does not exist
    at Parser.parseErrorMessage (/Users/samuelfrancis/Desktop/trucking_company/trucking-company-frontend/backend/node_modules/pg-protocol/dist/parser.js:283:98)
    at Parser.handlePacket (/Users/samuelfrancis/Desktop/trucking_company/trucking-company-frontend/backend/node_modules/pg-protocol/dist/parser.js:122:29)
    at Parser.parse (/Users/samuelfrancis/Desktop/trucking_company/trucking-company-frontend/backend/node_modules/pg-protocol/dist/parser.js:35:38)
    at Socket.<anonymous> (/Users/samuelfrancis/Desktop/trucking_company/trucking-company-frontend/backend/node_modules/pg-protocol/dist/index.js:11:42)
    at Socket.emit (node:events:519:28)
    at addChunk (node:internal/streams/readable:559:12)
    at readableAddChunkPushByteMode (node:internal/streams/readable:510:3)
    at Readable.push (node:internal/streams/readable:390:5)
    at TCP.onStreamRead (node:internal/stream_base_commons:190:23) {
  length: 108,
  severity: 'ERROR',
  code: '42P01',
  detail: undefined,
  hint: undefined,
  position: '15',
  internalPosition: undefined,
  internalQuery: undefined,
  where: undefined,
  schema: undefined,
  table: undefined,
  column: undefined,
  dataType: undefined,
  constraint: undefined,
  file: 'parse_relation.c',
  line: '1384',
  routine: 'parserOpenTable',
  query: 'SELECT * FROM locations',
  params: undefined
}

> backend@1.0.0 start
> node server.js

Server is running on http://localhost:5001
